[LOG] System::create                           : Header version = 1.10.05. Current version = 1.10.05.
[LOG] Manager::init                            : maxchannels = 256 studioflags = 00000006 flags 00000000 extradriverdata 0000000000000000.
[LOG] SystemI::init                            : Initialize version=11005 (94661), maxchannels=256, flags=0x00020000
[LOG] SystemI::setOutputInternal               : Setting output to 'FMOD WASAPI Output'
[LOG] OutputWASAPI::init                       : Mix Format (WAVEFORMATEX): wFormatTag=0xFFFE, nChannels=2, nSamplesPerSec=48000, nAvgBytesPerSec=384000, nBlockAlign=8, wBitsPerSample=32, cbSize=22.
[LOG] OutputWASAPI::init                       : Mix Format (WAVEFORMATEXTENSIBLE): wValidBitsPerSample=32, dwChannelMask=0x00000003, SubFormat=00000003-0000-0010-8000-00AA00389B71.
[LOG] OutputWASAPI::init                       : Output buffer size: 4096 samples, latency: 0.00ms, period: 10.00ms, DSP buffer: 1024 * 4
[LOG] Thread::initThread                       : Init FMOD stream thread. Priority: 2, Stack Size: 65536, Semaphore: No, Sleep Time: 10, Looping: Yes.
[LOG] Thread::initThread                       : Init FMOD mixer thread. Priority: 3, Stack Size: 49152, Semaphore: No, Sleep Time: 0, Looping: Yes.
[LOG] AsyncManager::init                       : manager 00000000E76A0D28 isAsync 0 updatePeriod 0.02
[LOG] AsyncManager::init                       : done
[LOG] PlaybackSystem::init                     : 
[LOG] Thread::initThread                       : Init FMOD Studio sample load thread. Priority: 0, Stack Size: 65536, Semaphore: No, Sleep Time: 1, Looping: No.
[LOG] PlaybackSystem::init                     : done
[LOG] Thread::initThread                       : Init FMOD Studio bank load thread. Priority: 0, Stack Size: 65536, Semaphore: No, Sleep Time: 1, Looping: No.
[LOG] Manager::init                            : done.
[LOG] Manager::readBank                        : fileversion = 100, compatVersion = 99 (oldest = 44, newest = 100)
[LOG] SystemI::createSoundInternal             : Create name='', mode=0x02000202
[LOG] SystemI::createSoundInternal             : exinfo->cbsize             = 232
[LOG] SystemI::createSoundInternal             : exinfo->length             = 7257376
[LOG] SystemI::createSoundInternal             : exinfo->fileoffset         = 25888
[LOG] SystemI::createSoundInternal             : exinfo->numsubsounds       = 1
[LOG] SystemI::createSoundInternal             : exinfo->inclusionlist      = 00000000E737F5FC
[LOG] SystemI::createSoundInternal             : exinfo->inclusionlistnum   = 1
[LOG] SystemI::createSoundInternal             : exinfo->suggestedsoundtype = 5
[LOG] SystemI::createSoundInternal             : exinfo->useropen           = 00007FF92698E4B0
[LOG] SystemI::createSoundInternal             : exinfo->userclose          = 00007FF92698E480
[LOG] SystemI::createSoundInternal             : exinfo->userread           = 00007FF92698E580
[LOG] SystemI::createSoundInternal             : exinfo->userseek           = 00007FF92698E640
[LOG] SystemI::createSoundInternal             : exinfo->fileuserdata       = 00000000E7777A28
[LOG] SystemI::createSoundInternal             : exinfo->initialseekpostype = 1
[LOG] SystemI::DSPCodecPoolRegister            : register codec pool for pool type 5
[LOG] SystemI::createSoundInternal             : Sample 0/1: name='click_menu_button', format=2, channels=2, frequency=48000, lengthbytes=1664, lengthpcm=6464, pcmblocksize=0, loopstart=0, loopend=0, mode=0x00000000, channelmask=0x00000000, channelorder=0, peakvolume=0.125234.
[LOG] SystemI::createSound                     : filename = FmodBuild\Desktop/Music.bank : mode 02010082
[LOG] SystemI::createSound                     : FMOD_NONBLOCKING specified.  Putting into queue to be opened asynchronously!
[LOG] SystemI::createSound                     : setdata soundi = 00000000E78F0838 : node = 00000000E7A6F590
[LOG] SystemI::createSound                     : add node to async list : head = 0000000090AC2D58.  list count = 0
[LOG] AsyncThread::threadFunc                  : Starting Asynchronous operation on sound 00000000E78F0838
[LOG] SystemI::createSoundInternal             :     Create name='FmodBuild\Desktop/Music.bank', mode=0x02010082
[LOG] SystemI::createSoundInternal             :     exinfo->cbsize             = 232
[LOG] SystemI::createSoundInternal             :     exinfo->length             = 10792384
[LOG] SystemI::createSoundInternal             :     exinfo->fileoffset         = 5696
[LOG] SystemI::createSoundInternal             :     exinfo->numsubsounds       = 1
[LOG] SystemI::createSoundInternal             :     exinfo->inclusionlist      = 00000000E7A6F6A8
[LOG] SystemI::createSoundInternal             :     exinfo->inclusionlistnum   = 1
[LOG] SystemI::createSoundInternal             :     exinfo->suggestedsoundtype = 5
[LOG] SystemI::createSoundInternal             :     exinfo->initialseekpostype = 1
[LOG] SystemI::createSoundInternal             :     Stream 0/1: name='400632__inspectorj__ambience-seaside-waves-close-a', format=2, channels=2, frequency=48000, lengthbytes=3643328, lengthpcm=14438601, pcmblocksize=0, loopstart=0, loopend=0, mode=0x00000000, channelmask=0x00000000, channelorder=0, peakvolume=0.670046.
[LOG] AsyncThread::threadFunc                  : Finished Asynchronous operation on sound 00000000E78F0838
[LOG] SoundI::getSubSound                      : sound 00000000E78F0838.  Subsound index 0 / 1
[LOG] SystemI::createSound                     : filename = FmodBuild\Desktop/Music.bank : mode 02010082
[LOG] SystemI::createSound                     : FMOD_NONBLOCKING specified.  Putting into queue to be opened asynchronously!
[LOG] SystemI::createSound                     : setdata soundi = 00000000E78F0D48 : node = 00000000E7A6E5D0
[LOG] SystemI::createSound                     : add node to async list : head = 0000000090AC2D58.  list count = 0
[LOG] AsyncThread::threadFunc                  : Starting Asynchronous operation on sound 00000000E78F0D48
[LOG] SystemI::createSoundInternal             :     Create name='FmodBuild\Desktop/Music.bank', mode=0x02010082
[LOG] SystemI::createSoundInternal             :     exinfo->cbsize             = 232
[LOG] SystemI::createSoundInternal             :     exinfo->length             = 10792384
[LOG] SystemI::createSoundInternal             :     exinfo->fileoffset         = 5696
[LOG] SystemI::createSoundInternal             :     exinfo->numsubsounds       = 1
[LOG] SystemI::createSoundInternal             :     exinfo->inclusionlist      = 00000000E7A6E6E8
[LOG] SystemI::createSoundInternal             :     exinfo->inclusionlistnum   = 1
[LOG] SystemI::createSoundInternal             :     exinfo->suggestedsoundtype = 5
[LOG] SystemI::createSoundInternal             :     exinfo->initialseekpostype = 1
[LOG] SystemI::createSoundInternal             :     Stream 0/1: name='Epitome - WhiteWizardDomains', format=2, channels=2, frequency=48000, lengthbytes=1248448, lengthpcm=4976640, pcmblocksize=0, loopstart=0, loopend=0, mode=0x00000000, channelmask=0x00000000, channelorder=0, peakvolume=0.999969.
[LOG] AsyncThread::threadFunc                  : Finished Asynchronous operation on sound 00000000E78F0D48
[LOG] SoundI::getSubSound                      : sound 00000000E78F0D48.  Subsound index 0 / 1
[LOG] SoundI::release                          : 400632__inspectorj__ambience-seaside-waves-close-a (00000000E78F0838)
[LOG] SoundI::release                          :     400632__inspectorj__ambience-seaside-waves-close-a (0000000090AC3288)
[LOG] SoundI::release                          :     400632__inspectorj__ambience-seaside-waves-close-a (00000000E78EFC68)
[LOG] SoundI::release                          : Epitome - TitleTheme (000000009049C2D8)
[LOG] SoundI::release                          :     Epitome - TitleTheme (0000000090AC3C48)
[LOG] SoundI::release                          :     Epitome - TitleTheme (000000009049C638)
[LOG] SystemI::createSoundInternal             : Create name='', mode=0x02000202
[LOG] SystemI::createSoundInternal             : exinfo->cbsize             = 232
[LOG] SystemI::createSoundInternal             : exinfo->length             = 7257376
[LOG] SystemI::createSoundInternal             : exinfo->fileoffset         = 25888
[LOG] SystemI::createSoundInternal             : exinfo->numsubsounds       = 1
[LOG] SystemI::createSoundInternal             : exinfo->inclusionlist      = 00000000E737F5FC
[LOG] SystemI::createSoundInternal             : exinfo->inclusionlistnum   = 1
[LOG] SystemI::createSoundInternal             : exinfo->suggestedsoundtype = 5
[LOG] SystemI::createSoundInternal             : exinfo->useropen           = 00007FF92698E4B0
[LOG] SystemI::createSoundInternal             : exinfo->userclose          = 00007FF92698E480
[LOG] SystemI::createSoundInternal             : exinfo->userread           = 00007FF92698E580
[LOG] SystemI::createSoundInternal             : exinfo->userseek           = 00007FF92698E640
[LOG] SystemI::createSoundInternal             : exinfo->fileuserdata       = 00000000E7845AD8
[LOG] SystemI::createSoundInternal             : exinfo->initialseekpostype = 1
[LOG] SystemI::DSPCodecPoolRegister            : register codec pool for pool type 5
[LOG] SystemI::createSoundInternal             : Sample 0/1: name='walk_grass_3', format=2, channels=2, frequency=48000, lengthbytes=1952, lengthpcm=8468, pcmblocksize=0, loopstart=0, loopend=0, mode=0x00000000, channelmask=0x00000000, channelorder=0, peakvolume=0.034271.
[LOG] SystemI::createSoundInternal             : Create name='', mode=0x02000202
[LOG] SystemI::createSoundInternal             : exinfo->cbsize             = 232
[LOG] SystemI::createSoundInternal             : exinfo->length             = 7257376
[LOG] SystemI::createSoundInternal             : exinfo->fileoffset         = 25888
[LOG] SystemI::createSoundInternal             : exinfo->numsubsounds       = 1
[LOG] SystemI::createSoundInternal             : exinfo->inclusionlist      = 00000000E737F5FC
[LOG] SystemI::createSoundInternal             : exinfo->inclusionlistnum   = 1
[LOG] SystemI::createSoundInternal             : exinfo->suggestedsoundtype = 5
[LOG] SystemI::createSoundInternal             : exinfo->useropen           = 00007FF92698E4B0
[LOG] SystemI::createSoundInternal             : exinfo->userclose          = 00007FF92698E480
[LOG] SystemI::createSoundInternal             : exinfo->userread           = 00007FF92698E580
[LOG] SystemI::createSoundInternal             : exinfo->userseek           = 00007FF92698E640
[LOG] SystemI::createSoundInternal             : exinfo->fileuserdata       = 00000000E7845AD8
[LOG] SystemI::createSoundInternal             : exinfo->initialseekpostype = 1
[LOG] SystemI::DSPCodecPoolRegister            : register codec pool for pool type 5
[LOG] SystemI::createSoundInternal             : Sample 0/1: name='walk_grass_1', format=2, channels=2, frequency=48000, lengthbytes=2464, lengthpcm=10548, pcmblocksize=0, loopstart=0, loopend=0, mode=0x00000000, channelmask=0x00000000, channelorder=0, peakvolume=0.043976.
[LOG] SystemI::createSoundInternal             : Create name='', mode=0x02000202
[LOG] SystemI::createSoundInternal             : exinfo->cbsize             = 232
[LOG] SystemI::createSoundInternal             : exinfo->length             = 7257376
[LOG] SystemI::createSoundInternal             : exinfo->fileoffset         = 25888
[LOG] SystemI::createSoundInternal             : exinfo->numsubsounds       = 1
[LOG] SystemI::createSoundInternal             : exinfo->inclusionlist      = 00000000E737F5FC
[LOG] SystemI::createSoundInternal             : exinfo->inclusionlistnum   = 1
[LOG] SystemI::createSoundInternal             : exinfo->suggestedsoundtype = 5
[LOG] SystemI::createSoundInternal             : exinfo->useropen           = 00007FF92698E4B0
[LOG] SystemI::createSoundInternal             : exinfo->userclose          = 00007FF92698E480
[LOG] SystemI::createSoundInternal             : exinfo->userread           = 00007FF92698E580
[LOG] SystemI::createSoundInternal             : exinfo->userseek           = 00007FF92698E640
[LOG] SystemI::createSoundInternal             : exinfo->fileuserdata       = 00000000E7845AD8
[LOG] SystemI::createSoundInternal             : exinfo->initialseekpostype = 1
[LOG] SystemI::DSPCodecPoolRegister            : register codec pool for pool type 5
[LOG] SystemI::createSoundInternal             : Sample 0/1: name='walk_grass_2', format=2, channels=2, frequency=48000, lengthbytes=2464, lengthpcm=10548, pcmblocksize=0, loopstart=0, loopend=0, mode=0x00000000, channelmask=0x00000000, channelorder=0, peakvolume=0.043976.
[LOG] Manager::readBank                        : fileversion = 100, compatVersion = 99 (oldest = 44, newest = 100)
[LOG] SystemI::createSoundInternal             : Create name='', mode=0x02000202
[LOG] SystemI::createSoundInternal             : exinfo->cbsize             = 232
[LOG] SystemI::createSoundInternal             : exinfo->length             = 7257376
[LOG] SystemI::createSoundInternal             : exinfo->fileoffset         = 25888
[LOG] SystemI::createSoundInternal             : exinfo->numsubsounds       = 1
[LOG] SystemI::createSoundInternal             : exinfo->inclusionlist      = 00000000E737F5FC
[LOG] SystemI::createSoundInternal             : exinfo->inclusionlistnum   = 1
[LOG] SystemI::createSoundInternal             : exinfo->suggestedsoundtype = 5
[LOG] SystemI::createSoundInternal             : exinfo->useropen           = 00007FF92698E4B0
[LOG] SystemI::createSoundInternal             : exinfo->userclose          = 00007FF92698E480
[LOG] SystemI::createSoundInternal             : exinfo->userread           = 00007FF92698E580
[LOG] SystemI::createSoundInternal             : exinfo->userseek           = 00007FF92698E640
[LOG] SystemI::createSoundInternal             : exinfo->fileuserdata       = 000000005F909D68
[LOG] SystemI::createSoundInternal             : exinfo->initialseekpostype = 1
[LOG] SystemI::DSPCodecPoolRegister            : register codec pool for pool type 5
[LOG] SystemI::createSoundInternal             : Sample 0/1: name='small_gem_get', format=2, channels=2, frequency=48000, lengthbytes=3584, lengthpcm=13373, pcmblocksize=0, loopstart=0, loopend=0, mode=0x00000000, channelmask=0x00000000, channelorder=0, peakvolume=0.303992.
[LOG] SystemI::createSoundInternal             : Create name='', mode=0x02000202
[LOG] SystemI::createSoundInternal             : exinfo->cbsize             = 232
[LOG] SystemI::createSoundInternal             : exinfo->length             = 7257376
[LOG] SystemI::createSoundInternal             : exinfo->fileoffset         = 25888
[LOG] SystemI::createSoundInternal             : exinfo->numsubsounds       = 1
[LOG] SystemI::createSoundInternal             : exinfo->inclusionlist      = 00000000E737F5FC
[LOG] SystemI::createSoundInternal             : exinfo->inclusionlistnum   = 1
[LOG] SystemI::createSoundInternal             : exinfo->suggestedsoundtype = 5
[LOG] SystemI::createSoundInternal             : exinfo->useropen           = 00007FF92698E4B0
[LOG] SystemI::createSoundInternal             : exinfo->userclose          = 00007FF92698E480
[LOG] SystemI::createSoundInternal             : exinfo->userread           = 00007FF92698E580
[LOG] SystemI::createSoundInternal             : exinfo->userseek           = 00007FF92698E640
[LOG] SystemI::createSoundInternal             : exinfo->fileuserdata       = 00000000E77764E8
[LOG] SystemI::createSoundInternal             : exinfo->initialseekpostype = 1
[LOG] SystemI::DSPCodecPoolRegister            : register codec pool for pool type 5
[LOG] SystemI::createSoundInternal             : Sample 0/1: name='new_area', format=2, channels=1, frequency=48000, lengthbytes=29088, lengthpcm=177639, pcmblocksize=0, loopstart=0, loopend=0, mode=0x00000000, channelmask=0x00000000, channelorder=0, peakvolume=0.649443.
[LOG] Manager::readBank                        : fileversion = 100, compatVersion = 99 (oldest = 44, newest = 100)
[LOG] SystemI::createSoundInternal             : Create name='', mode=0x02000202
[LOG] SystemI::createSoundInternal             : exinfo->cbsize             = 232
[LOG] SystemI::createSoundInternal             : exinfo->length             = 7257376
[LOG] SystemI::createSoundInternal             : exinfo->fileoffset         = 25888
[LOG] SystemI::createSoundInternal             : exinfo->numsubsounds       = 1
[LOG] SystemI::createSoundInternal             : exinfo->inclusionlist      = 00000000E737F5FC
[LOG] SystemI::createSoundInternal             : exinfo->inclusionlistnum   = 1
[LOG] SystemI::createSoundInternal             : exinfo->suggestedsoundtype = 5
[LOG] SystemI::createSoundInternal             : exinfo->useropen           = 00007FF92698E4B0
[LOG] SystemI::createSoundInternal             : exinfo->userclose          = 00007FF92698E480
[LOG] SystemI::createSoundInternal             : exinfo->userread           = 00007FF92698E580
[LOG] SystemI::createSoundInternal             : exinfo->userseek           = 00007FF92698E640
[LOG] SystemI::createSoundInternal             : exinfo->fileuserdata       = 0000000090C724C8
[LOG] SystemI::createSoundInternal             : exinfo->initialseekpostype = 1
[LOG] SystemI::DSPCodecPoolRegister            : register codec pool for pool type 5
[LOG] SystemI::createSoundInternal             : Sample 0/1: name='insect_enemy_damaged', format=2, channels=1, frequency=48000, lengthbytes=6176, lengthpcm=33780, pcmblocksize=0, loopstart=0, loopend=0, mode=0x00000000, channelmask=0x00000000, channelorder=0, peakvolume=0.351733.
[LOG] SystemI::createSoundInternal             : Create name='', mode=0x02000202
[LOG] SystemI::createSoundInternal             : exinfo->cbsize             = 232
[LOG] SystemI::createSoundInternal             : exinfo->length             = 7257376
[LOG] SystemI::createSoundInternal             : exinfo->fileoffset         = 25888
[LOG] SystemI::createSoundInternal             : exinfo->numsubsounds       = 1
[LOG] SystemI::createSoundInternal             : exinfo->inclusionlist      = 00000000E737F5FC
[LOG] SystemI::createSoundInternal             : exinfo->inclusionlistnum   = 1
[LOG] SystemI::createSoundInternal             : exinfo->suggestedsoundtype = 5
[LOG] SystemI::createSoundInternal             : exinfo->useropen           = 00007FF92698E4B0
[LOG] SystemI::createSoundInternal             : exinfo->userclose          = 00007FF92698E480
[LOG] SystemI::createSoundInternal             : exinfo->userread           = 00007FF92698E580
[LOG] SystemI::createSoundInternal             : exinfo->userseek           = 00007FF92698E640
[LOG] SystemI::createSoundInternal             : exinfo->fileuserdata       = 0000000090C724C8
[LOG] SystemI::createSoundInternal             : exinfo->initialseekpostype = 1
[LOG] SystemI::DSPCodecPoolRegister            : register codec pool for pool type 5
[LOG] SystemI::createSoundInternal             : Sample 0/1: name='wizard_damaged_1', format=2, channels=1, frequency=48000, lengthbytes=2976, lengthpcm=15932, pcmblocksize=0, loopstart=0, loopend=0, mode=0x00000000, channelmask=0x00000000, channelorder=0, peakvolume=0.479780.
[LOG] SystemI::createSoundInternal             : Create name='', mode=0x02000202
[LOG] SystemI::createSoundInternal             : exinfo->cbsize             = 232
[LOG] SystemI::createSoundInternal             : exinfo->length             = 7257376
[LOG] SystemI::createSoundInternal             : exinfo->fileoffset         = 25888
[LOG] SystemI::createSoundInternal             : exinfo->numsubsounds       = 1
[LOG] SystemI::createSoundInternal             : exinfo->inclusionlist      = 00000000E737F5FC
[LOG] SystemI::createSoundInternal             : exinfo->inclusionlistnum   = 1
[LOG] SystemI::createSoundInternal             : exinfo->suggestedsoundtype = 5
[LOG] SystemI::createSoundInternal             : exinfo->useropen           = 00007FF92698E4B0
[LOG] SystemI::createSoundInternal             : exinfo->userclose          = 00007FF92698E480
[LOG] SystemI::createSoundInternal             : exinfo->userread           = 00007FF92698E580
[LOG] SystemI::createSoundInternal             : exinfo->userseek           = 00007FF92698E640
[LOG] SystemI::createSoundInternal             : exinfo->fileuserdata       = 0000000090C724C8
[LOG] SystemI::createSoundInternal             : exinfo->initialseekpostype = 1
[LOG] SystemI::DSPCodecPoolRegister            : register codec pool for pool type 5
[LOG] SystemI::createSoundInternal             : Sample 0/1: name='wizard_damaged_2', format=2, channels=1, frequency=48000, lengthbytes=3072, lengthpcm=17525, pcmblocksize=0, loopstart=0, loopend=0, mode=0x00000000, channelmask=0x00000000, channelorder=0, peakvolume=0.488738.
[LOG] Manager::readBank                        : fileversion = 100, compatVersion = 99 (oldest = 44, newest = 100)
[LOG] SystemI::createSoundInternal             : Create name='', mode=0x02000202
[LOG] SystemI::createSoundInternal             : exinfo->cbsize             = 232
[LOG] SystemI::createSoundInternal             : exinfo->length             = 7257376
[LOG] SystemI::createSoundInternal             : exinfo->fileoffset         = 25888
[LOG] SystemI::createSoundInternal             : exinfo->numsubsounds       = 1
[LOG] SystemI::createSoundInternal             : exinfo->inclusionlist      = 00000000E737F5FC
[LOG] SystemI::createSoundInternal             : exinfo->inclusionlistnum   = 1
[LOG] SystemI::createSoundInternal             : exinfo->suggestedsoundtype = 5
[LOG] SystemI::createSoundInternal             : exinfo->useropen           = 00007FF92698E4B0
[LOG] SystemI::createSoundInternal             : exinfo->userclose          = 00007FF92698E480
[LOG] SystemI::createSoundInternal             : exinfo->userread           = 00007FF92698E580
[LOG] SystemI::createSoundInternal             : exinfo->userseek           = 00007FF92698E640
[LOG] SystemI::createSoundInternal             : exinfo->fileuserdata       = 00000000E77764E8
[LOG] SystemI::createSoundInternal             : exinfo->initialseekpostype = 1
[LOG] SystemI::DSPCodecPoolRegister            : register codec pool for pool type 5
[LOG] SystemI::createSoundInternal             : Sample 0/1: name='mana orb', format=2, channels=1, frequency=48000, lengthbytes=3360, lengthpcm=18064, pcmblocksize=0, loopstart=0, loopend=0, mode=0x00000000, channelmask=0x00000000, channelorder=0, peakvolume=0.564798.
[LOG] Manager::readBank                        : fileversion = 100, compatVersion = 99 (oldest = 44, newest = 100)
[LOG] Manager::readBank                        : fileversion = 100, compatVersion = 99 (oldest = 44, newest = 100)
[LOG] Manager::readBank                        : fileversion = 100, compatVersion = 99 (oldest = 44, newest = 100)
[LOG] SoundI::release                          : Epitome - WhiteWizardDomains (00000000E78F0D48)
[LOG] SoundI::release                          :     Epitome - WhiteWizardDomains (0000000090AC3908)
[LOG] SoundI::release                          :     Epitome - WhiteWizardDomains (00000000E78F0688)
[LOG] SoundI::release                          :  (0000000090936218)
[LOG] SoundI::release                          :     click_menu_button (0000000090AC3DE8)
[LOG] SoundI::release                          :  (00000000E7E1E8F8)
[LOG] SoundI::release                          :     new_area (00000000600F7D08)
[LOG] SoundI::release                          :  (00000000E7E1D1F8)
[LOG] SoundI::release                          :     wizard_damaged_1 (00000000600F7008)
[LOG] SoundI::release                          :  (00000000E7E1D368)
[LOG] SoundI::release                          :     wizard_damaged_2 (00000000600F8528)
[LOG] SoundI::release                          :  (00000000E7E1CAC8)
[LOG] SoundI::release                          :     insect_enemy_damaged (00000000600F8A08)
[LOG] SoundI::release                          :  (00000000E7E1D928)
[LOG] SoundI::release                          :     mana orb (00000000E7E36E28)
[LOG] SoundI::release                          :  (00000000E7E1E4A8)
[LOG] SoundI::release                          :     small_gem_get (00000000600F7B68)
[LOG] SoundI::release                          :  (00000000E7E1E338)
[LOG] SoundI::release                          :     walk_grass_1 (0000000090AC2F48)
[LOG] SoundI::release                          :  (00000000E7E1D648)
[LOG] SoundI::release                          :     walk_grass_2 (0000000090AC2728)
[LOG] SoundI::release                          :  (00000000128C4448)
[LOG] SoundI::release                          :     walk_grass_3 (0000000090AC2588)
[LOG] Thread::callback                         : FMOD Studio update thread finished.
[LOG] Thread::callback                         : FMOD Studio bank load thread finished.
[LOG] Profile::disconnectAll                   : Profiler disconnecting all clients
[LOG] Thread::callback                         : FMOD Studio sample load thread finished.
[LOG] LiveUpdate::release                      : 
[LOG] LiveUpdate::reset                        : Reset connection (reason Disconnected)
[LOG] Thread::callback                         : FMOD stream thread finished.
[LOG] Thread::callback                         : FMOD mixer thread finished.
[LOG] Profile::disconnectAll                   : Profiler disconnecting all clients
[LOG] SystemI::close                           : Closed.
[LOG] Manager::readBank                        : fileversion = 100, compatVersion = 99 (oldest = 44, newest = 100)
[LOG] Manager::readBank                        : fileversion = 100, compatVersion = 99 (oldest = 44, newest = 100)
[LOG] Manager::readBank                        : fileversion = 100, compatVersion = 99 (oldest = 44, newest = 100)
[LOG] Manager::readBank                        : fileversion = 100, compatVersion = 99 (oldest = 44, newest = 100)
[LOG] Manager::readBank                        : fileversion = 100, compatVersion = 99 (oldest = 44, newest = 100)
[LOG] Manager::readBank                        : fileversion = 100, compatVersion = 99 (oldest = 44, newest = 100)
[LOG] PlaybackSystem::acquireMasterBus         : Setting master channel group format to 6
[LOG] Manager::readBank                        : fileversion = 100, compatVersion = 99 (oldest = 44, newest = 100)
[LOG] Manager::readBank                        : fileversion = 100, compatVersion = 99 (oldest = 44, newest = 100)
[LOG] Thread::callback                         : FMOD Studio bank load thread finished.
[LOG] Thread::callback                         : FMOD Studio sample load thread finished.
[LOG] LiveUpdate::release                      : 
[LOG] LiveUpdate::reset                        : Reset connection (reason Disconnected)
[LOG] Thread::callback                         : FMOD stream thread finished.
[LOG] Thread::callback                         : FMOD mixer thread finished.
[LOG] Thread::callback                         : FMOD nonblocking thread (0) finished.
[LOG] Thread::callback                         : FMOD file thread finished.
[LOG] SystemI::close                           : Closed.
